<?xml version="1.0" encoding="UTF-8"?>
<!-- Generated by org.testng.reporters.JUnitReportReporter -->
<testsuite hostname="DESKTOP-9HOFHA8" failures="0" tests="1" name="examplePackage.sampleTest" time="16.901" errors="0" timestamp="2022-10-31T09:59:06 IST" skipped="0">
  <testcase classname="examplePackage.sampleTest" name="openGoogle" time="16.901"/>
  <system-out/>
</testsuite> <!-- examplePackage.sampleTest -->
