<?xml version="1.0" encoding="UTF-8"?>
<!-- Generated by org.testng.reporters.JUnitReportReporter -->
<testsuite hostname="DESKTOP-9HOFHA8" failures="0" tests="1" name="examplePackage.NewTest" time="6.913" errors="0" timestamp="2022-10-26T15:34:42 IST" skipped="0">
  <testcase classname="examplePackage.NewTest" name="openGoogle" time="6.913"/>
  <system-out/>
</testsuite> <!-- examplePackage.NewTest -->
