<?xml version="1.0" encoding="UTF-8"?>
<!-- Generated by org.testng.reporters.JUnitReportReporter -->
<testsuite hostname="DESKTOP-9HOFHA8" failures="0" tests="1" name="examplePackage.NewTest" time="7.767" errors="0" timestamp="2022-10-27T14:47:12 IST" skipped="0">
  <testcase classname="examplePackage.NewTest" name="openGoogle" time="7.767"/>
  <system-out/>
</testsuite> <!-- examplePackage.NewTest -->
